2025-02-13 18:02:32,209 - masks - DEBUG - Получен номер карты: 7000792289606361
2025-02-13 18:02:32,209 - masks - INFO - Номер карты успешно замаскирован.
2025-02-13 18:02:32,210 - masks - DEBUG - Получен номер счета: 73654108430135874305
2025-02-13 18:02:32,210 - masks - INFO - Номер счета успешно замаскирован.
2025-02-13 18:02:32,228 - masks - DEBUG - Получен номер карты: 7000792289606361
2025-02-13 18:02:32,228 - masks - INFO - Номер карты успешно замаскирован.
2025-02-13 18:02:32,229 - masks - DEBUG - Получен номер счета: 22022065789536454568
2025-02-13 18:02:32,229 - masks - INFO - Номер счета успешно замаскирован.
2025-02-13 18:02:32,229 - masks - DEBUG - Получен номер карты: 2202202567899581
2025-02-13 18:02:32,229 - masks - INFO - Номер карты успешно замаскирован.
2025-02-13 18:02:32,230 - masks - DEBUG - Получен номер карты: 2202206578953645
2025-02-13 18:02:32,230 - masks - INFO - Номер карты успешно замаскирован.
2025-02-13 18:02:32,231 - masks - DEBUG - Получен номер карты: 21035468523145695654
2025-02-13 18:02:32,231 - masks - ERROR - Номер карты указан не верно!
2025-02-13 18:02:32,231 - masks - DEBUG - Получен номер карты: 24518462
2025-02-13 18:02:32,231 - masks - ERROR - Номер карты указан не верно!
2025-02-13 18:02:32,232 - masks - DEBUG - Получен номер карты: 
2025-02-13 18:02:32,232 - masks - ERROR - Номер карты не указан!
2025-02-13 18:02:32,233 - masks - DEBUG - Получен номер счета: 22022025678995814856
2025-02-13 18:02:32,233 - masks - INFO - Номер счета успешно замаскирован.
2025-02-13 18:02:32,234 - masks - DEBUG - Получен номер счета: 22022065789536454568
2025-02-13 18:02:32,234 - masks - INFO - Номер счета успешно замаскирован.
2025-02-13 18:02:32,234 - masks - DEBUG - Получен номер счета: 21035468523142555691354
2025-02-13 18:02:32,234 - masks - ERROR - Номер счета указан не верно!
2025-02-13 18:02:32,254 - masks - DEBUG - Получен номер счета: 2451846294523
2025-02-13 18:02:32,254 - masks - ERROR - Номер счета указан не верно!
2025-02-13 18:02:32,256 - masks - DEBUG - Получен номер счета: 
2025-02-13 18:02:32,256 - masks - ERROR - Номер счета не указан!
2025-02-13 18:04:22,313 - masks - DEBUG - Получен номер карты: 7000792289606361
2025-02-13 18:04:22,313 - masks - INFO - Номер карты успешно замаскирован.
2025-02-13 18:04:22,330 - masks - DEBUG - Получен номер счета: 22022065789536454568
2025-02-13 18:04:22,330 - masks - INFO - Номер счета успешно замаскирован.
2025-02-13 18:04:22,331 - masks - DEBUG - Получен номер карты: 2202202567899581
2025-02-13 18:04:22,331 - masks - INFO - Номер карты успешно замаскирован.
2025-02-13 18:04:22,333 - masks - DEBUG - Получен номер карты: 2202206578953645
2025-02-13 18:04:22,333 - masks - INFO - Номер карты успешно замаскирован.
2025-02-13 18:04:22,335 - masks - DEBUG - Получен номер карты: 21035468523145695654
2025-02-13 18:04:22,336 - masks - ERROR - Номер карты указан не верно!
2025-02-13 18:04:22,336 - masks - DEBUG - Получен номер карты: 24518462
2025-02-13 18:04:22,337 - masks - ERROR - Номер карты указан не верно!
2025-02-13 18:04:22,337 - masks - DEBUG - Получен номер карты: 
2025-02-13 18:04:22,337 - masks - ERROR - Номер карты не указан!
2025-02-13 18:04:22,338 - masks - DEBUG - Получен номер счета: 22022025678995814856
2025-02-13 18:04:22,338 - masks - INFO - Номер счета успешно замаскирован.
2025-02-13 18:04:22,339 - masks - DEBUG - Получен номер счета: 22022065789536454568
2025-02-13 18:04:22,339 - masks - INFO - Номер счета успешно замаскирован.
2025-02-13 18:04:22,340 - masks - DEBUG - Получен номер счета: 21035468523142555691354
2025-02-13 18:04:22,340 - masks - ERROR - Номер счета указан не верно!
2025-02-13 18:04:22,342 - masks - DEBUG - Получен номер счета: 2451846294523
2025-02-13 18:04:22,343 - masks - ERROR - Номер счета указан не верно!
2025-02-13 18:04:22,345 - masks - DEBUG - Получен номер счета: 
2025-02-13 18:04:22,345 - masks - ERROR - Номер счета не указан!
2025-02-13 18:05:59,224 - masks - DEBUG - Получен номер карты: 7000792289606361
2025-02-13 18:05:59,224 - masks - INFO - Номер карты успешно замаскирован.
2025-02-13 18:05:59,224 - masks - DEBUG - Получен номер счета: 22022065789536454568
2025-02-13 18:05:59,224 - masks - INFO - Номер счета успешно замаскирован.
2025-02-13 18:05:59,241 - masks - DEBUG - Получен номер карты: 2202202567899581
2025-02-13 18:05:59,241 - masks - INFO - Номер карты успешно замаскирован.
2025-02-13 18:05:59,242 - masks - DEBUG - Получен номер карты: 2202206578953645
2025-02-13 18:05:59,242 - masks - INFO - Номер карты успешно замаскирован.
2025-02-13 18:05:59,243 - masks - DEBUG - Получен номер карты: 21035468523145695654
2025-02-13 18:05:59,243 - masks - ERROR - Номер карты указан не верно!
2025-02-13 18:05:59,243 - masks - DEBUG - Получен номер карты: 24518462
2025-02-13 18:05:59,243 - masks - ERROR - Номер карты указан не верно!
2025-02-13 18:05:59,244 - masks - DEBUG - Получен номер карты: 
2025-02-13 18:05:59,244 - masks - ERROR - Номер карты не указан!
2025-02-13 18:05:59,245 - masks - DEBUG - Получен номер счета: 22022025678995814856
2025-02-13 18:05:59,245 - masks - INFO - Номер счета успешно замаскирован.
2025-02-13 18:05:59,247 - masks - DEBUG - Получен номер счета: 22022065789536454568
2025-02-13 18:05:59,247 - masks - INFO - Номер счета успешно замаскирован.
2025-02-13 18:05:59,249 - masks - DEBUG - Получен номер счета: 21035468523142555691354
2025-02-13 18:05:59,249 - masks - ERROR - Номер счета указан не верно!
2025-02-13 18:05:59,251 - masks - DEBUG - Получен номер счета: 2451846294523
2025-02-13 18:05:59,251 - masks - ERROR - Номер счета указан не верно!
2025-02-13 18:05:59,253 - masks - DEBUG - Получен номер счета: 
2025-02-13 18:05:59,254 - masks - ERROR - Номер счета не указан!
2025-02-13 18:09:51,536 - masks - DEBUG - Получен номер карты: 7000792289606361
2025-02-13 18:09:51,536 - masks - INFO - Номер карты успешно замаскирован.
2025-02-13 18:09:51,537 - masks - DEBUG - Получен номер счета: 22022065789536454568
2025-02-13 18:09:51,537 - masks - INFO - Номер счета успешно замаскирован.
2025-02-13 18:09:51,538 - masks - DEBUG - Получен номер карты: 2202202567899581
2025-02-13 18:09:51,538 - masks - INFO - Номер карты успешно замаскирован.
2025-02-13 18:09:51,538 - masks - DEBUG - Получен номер карты: 2202206578953645
2025-02-13 18:09:51,538 - masks - INFO - Номер карты успешно замаскирован.
2025-02-13 18:09:51,539 - masks - DEBUG - Получен номер карты: 21035468523145695654
2025-02-13 18:09:51,539 - masks - ERROR - Номер карты указан не верно!
2025-02-13 18:09:51,540 - masks - DEBUG - Получен номер карты: 24518462
2025-02-13 18:09:51,540 - masks - ERROR - Номер карты указан не верно!
2025-02-13 18:09:51,540 - masks - DEBUG - Получен номер карты: 
2025-02-13 18:09:51,540 - masks - ERROR - Номер карты не указан!
2025-02-13 18:09:51,541 - masks - DEBUG - Получен номер счета: 22022025678995814856
2025-02-13 18:09:51,541 - masks - INFO - Номер счета успешно замаскирован.
2025-02-13 18:09:51,542 - masks - DEBUG - Получен номер счета: 22022065789536454568
2025-02-13 18:09:51,542 - masks - INFO - Номер счета успешно замаскирован.
2025-02-13 18:09:51,542 - masks - DEBUG - Получен номер счета: 21035468523142555691354
2025-02-13 18:09:51,542 - masks - ERROR - Номер счета указан не верно!
2025-02-13 18:09:51,543 - masks - DEBUG - Получен номер счета: 2451846294523
2025-02-13 18:09:51,543 - masks - ERROR - Номер счета указан не верно!
2025-02-13 18:09:51,543 - masks - DEBUG - Получен номер счета: 
2025-02-13 18:09:51,544 - masks - ERROR - Номер счета не указан!
2025-02-13 18:18:04,419 - masks - DEBUG - Получен номер карты: 7000792289606361
2025-02-13 18:18:04,420 - masks - INFO - Номер карты успешно замаскирован.
2025-02-13 18:18:04,420 - masks - DEBUG - Получен номер счета: 22022065789536454568
2025-02-13 18:18:04,420 - masks - INFO - Номер счета успешно замаскирован.
2025-02-13 18:18:04,421 - masks - DEBUG - Получен номер карты: 2202202567899581
2025-02-13 18:18:04,421 - masks - INFO - Номер карты успешно замаскирован.
2025-02-13 18:18:04,422 - masks - DEBUG - Получен номер карты: 2202206578953645
2025-02-13 18:18:04,422 - masks - INFO - Номер карты успешно замаскирован.
2025-02-13 18:18:04,422 - masks - DEBUG - Получен номер карты: 21035468523145695654
2025-02-13 18:18:04,422 - masks - ERROR - Номер карты указан не верно!
2025-02-13 18:18:04,423 - masks - DEBUG - Получен номер карты: 24518462
2025-02-13 18:18:04,423 - masks - ERROR - Номер карты указан не верно!
2025-02-13 18:18:04,423 - masks - DEBUG - Получен номер карты: 
2025-02-13 18:18:04,424 - masks - ERROR - Номер карты не указан!
2025-02-13 18:18:04,424 - masks - DEBUG - Получен номер счета: 22022025678995814856
2025-02-13 18:18:04,424 - masks - INFO - Номер счета успешно замаскирован.
2025-02-13 18:18:04,425 - masks - DEBUG - Получен номер счета: 22022065789536454568
2025-02-13 18:18:04,425 - masks - INFO - Номер счета успешно замаскирован.
2025-02-13 18:18:04,425 - masks - DEBUG - Получен номер счета: 21035468523142555691354
2025-02-13 18:18:04,426 - masks - ERROR - Номер счета указан не верно!
2025-02-13 18:18:04,426 - masks - DEBUG - Получен номер счета: 2451846294523
2025-02-13 18:18:04,426 - masks - ERROR - Номер счета указан не верно!
2025-02-13 18:18:04,427 - masks - DEBUG - Получен номер счета: 
2025-02-13 18:18:04,427 - masks - ERROR - Номер счета не указан!
2025-02-13 18:21:42,931 - masks - DEBUG - Получен номер карты: 7000792289606361
2025-02-13 18:21:42,931 - masks - INFO - Номер карты успешно замаскирован.
2025-02-13 18:21:42,931 - masks - DEBUG - Получен номер счета: 22022065789536454568
2025-02-13 18:21:42,932 - masks - INFO - Номер счета успешно замаскирован.
2025-02-13 18:21:42,932 - masks - DEBUG - Получен номер карты: 2202202567899581
2025-02-13 18:21:42,932 - masks - INFO - Номер карты успешно замаскирован.
2025-02-13 18:21:42,933 - masks - DEBUG - Получен номер карты: 2202206578953645
2025-02-13 18:21:42,933 - masks - INFO - Номер карты успешно замаскирован.
2025-02-13 18:21:42,933 - masks - DEBUG - Получен номер карты: 21035468523145695654
2025-02-13 18:21:42,934 - masks - ERROR - Номер карты указан не верно!
2025-02-13 18:21:42,934 - masks - DEBUG - Получен номер карты: 24518462
2025-02-13 18:21:42,934 - masks - ERROR - Номер карты указан не верно!
2025-02-13 18:21:42,935 - masks - DEBUG - Получен номер карты: 
2025-02-13 18:21:42,935 - masks - ERROR - Номер карты не указан!
2025-02-13 18:21:42,935 - masks - DEBUG - Получен номер счета: 22022025678995814856
2025-02-13 18:21:42,936 - masks - INFO - Номер счета успешно замаскирован.
2025-02-13 18:21:42,936 - masks - DEBUG - Получен номер счета: 22022065789536454568
2025-02-13 18:21:42,936 - masks - INFO - Номер счета успешно замаскирован.
2025-02-13 18:21:42,937 - masks - DEBUG - Получен номер счета: 21035468523142555691354
2025-02-13 18:21:42,937 - masks - ERROR - Номер счета указан не верно!
2025-02-13 18:21:42,938 - masks - DEBUG - Получен номер счета: 2451846294523
2025-02-13 18:21:42,938 - masks - ERROR - Номер счета указан не верно!
2025-02-13 18:21:42,938 - masks - DEBUG - Получен номер счета: 
2025-02-13 18:21:42,938 - masks - ERROR - Номер счета не указан!
2025-02-13 18:24:52,356 - masks - DEBUG - Получен номер карты: 7000792289606361
2025-02-13 18:24:52,356 - masks - INFO - Номер карты успешно замаскирован.
2025-02-13 18:24:52,357 - masks - DEBUG - Получен номер счета: 22022065789536454568
2025-02-13 18:24:52,357 - masks - INFO - Номер счета успешно замаскирован.
2025-02-13 18:24:52,358 - masks - DEBUG - Получен номер карты: 2202202567899581
2025-02-13 18:24:52,358 - masks - INFO - Номер карты успешно замаскирован.
2025-02-13 18:24:52,358 - masks - DEBUG - Получен номер карты: 2202206578953645
2025-02-13 18:24:52,359 - masks - INFO - Номер карты успешно замаскирован.
2025-02-13 18:24:52,359 - masks - DEBUG - Получен номер карты: 21035468523145695654
2025-02-13 18:24:52,359 - masks - ERROR - Номер карты указан не верно!
2025-02-13 18:24:52,360 - masks - DEBUG - Получен номер карты: 24518462
2025-02-13 18:24:52,360 - masks - ERROR - Номер карты указан не верно!
2025-02-13 18:24:52,360 - masks - DEBUG - Получен номер карты: 
2025-02-13 18:24:52,360 - masks - ERROR - Номер карты не указан!
2025-02-13 18:24:52,361 - masks - DEBUG - Получен номер счета: 22022025678995814856
2025-02-13 18:24:52,361 - masks - INFO - Номер счета успешно замаскирован.
2025-02-13 18:24:52,362 - masks - DEBUG - Получен номер счета: 22022065789536454568
2025-02-13 18:24:52,362 - masks - INFO - Номер счета успешно замаскирован.
2025-02-13 18:24:52,362 - masks - DEBUG - Получен номер счета: 21035468523142555691354
2025-02-13 18:24:52,362 - masks - ERROR - Номер счета указан не верно!
2025-02-13 18:24:52,363 - masks - DEBUG - Получен номер счета: 2451846294523
2025-02-13 18:24:52,363 - masks - ERROR - Номер счета указан не верно!
2025-02-13 18:24:52,364 - masks - DEBUG - Получен номер счета: 
2025-02-13 18:24:52,364 - masks - ERROR - Номер счета не указан!
2025-02-13 18:29:26,968 - masks - DEBUG - Получен номер карты: 7000792289606361
2025-02-13 18:29:26,968 - masks - INFO - Номер карты успешно замаскирован.
2025-02-13 18:29:26,969 - masks - DEBUG - Получен номер счета: 22022065789536454568
2025-02-13 18:29:26,969 - masks - INFO - Номер счета успешно замаскирован.
2025-02-13 18:29:26,970 - masks - DEBUG - Получен номер карты: 2202202567899581
2025-02-13 18:29:26,970 - masks - INFO - Номер карты успешно замаскирован.
2025-02-13 18:29:26,970 - masks - DEBUG - Получен номер карты: 2202206578953645
2025-02-13 18:29:26,970 - masks - INFO - Номер карты успешно замаскирован.
2025-02-13 18:29:26,971 - masks - DEBUG - Получен номер карты: 21035468523145695654
2025-02-13 18:29:26,971 - masks - ERROR - Номер карты указан не верно!
2025-02-13 18:29:26,971 - masks - DEBUG - Получен номер карты: 24518462
2025-02-13 18:29:26,972 - masks - ERROR - Номер карты указан не верно!
2025-02-13 18:29:26,972 - masks - DEBUG - Получен номер карты: 
2025-02-13 18:29:26,972 - masks - ERROR - Номер карты не указан!
2025-02-13 18:29:26,973 - masks - DEBUG - Получен номер счета: 22022025678995814856
2025-02-13 18:29:26,973 - masks - INFO - Номер счета успешно замаскирован.
2025-02-13 18:29:26,973 - masks - DEBUG - Получен номер счета: 22022065789536454568
2025-02-13 18:29:26,974 - masks - INFO - Номер счета успешно замаскирован.
2025-02-13 18:29:26,974 - masks - DEBUG - Получен номер счета: 21035468523142555691354
2025-02-13 18:29:26,974 - masks - ERROR - Номер счета указан не верно!
2025-02-13 18:29:26,975 - masks - DEBUG - Получен номер счета: 2451846294523
2025-02-13 18:29:26,975 - masks - ERROR - Номер счета указан не верно!
2025-02-13 18:29:26,975 - masks - DEBUG - Получен номер счета: 
2025-02-13 18:29:26,975 - masks - ERROR - Номер счета не указан!
2025-02-15 18:41:14,424 - masks - DEBUG - Получен номер карты: 7000792289606361
2025-02-15 18:41:14,426 - masks - INFO - Номер карты успешно замаскирован.
2025-02-15 18:41:14,427 - masks - DEBUG - Получен номер счета: 22022065789536454568
2025-02-15 18:41:14,427 - masks - INFO - Номер счета успешно замаскирован.
2025-02-15 18:41:14,428 - masks - DEBUG - Получен номер карты: 2202202567899581
2025-02-15 18:41:14,428 - masks - INFO - Номер карты успешно замаскирован.
2025-02-15 18:41:14,428 - masks - DEBUG - Получен номер карты: 2202206578953645
2025-02-15 18:41:14,428 - masks - INFO - Номер карты успешно замаскирован.
2025-02-15 18:41:14,429 - masks - DEBUG - Получен номер карты: 21035468523145695654
2025-02-15 18:41:14,429 - masks - ERROR - Номер карты указан не верно!
2025-02-15 18:41:14,430 - masks - DEBUG - Получен номер карты: 24518462
2025-02-15 18:41:14,430 - masks - ERROR - Номер карты указан не верно!
2025-02-15 18:41:14,430 - masks - DEBUG - Получен номер карты: 
2025-02-15 18:41:14,430 - masks - ERROR - Номер карты не указан!
2025-02-15 18:41:14,431 - masks - DEBUG - Получен номер счета: 22022025678995814856
2025-02-15 18:41:14,431 - masks - INFO - Номер счета успешно замаскирован.
2025-02-15 18:41:14,431 - masks - DEBUG - Получен номер счета: 22022065789536454568
2025-02-15 18:41:14,432 - masks - INFO - Номер счета успешно замаскирован.
2025-02-15 18:41:14,432 - masks - DEBUG - Получен номер счета: 21035468523142555691354
2025-02-15 18:41:14,432 - masks - ERROR - Номер счета указан не верно!
2025-02-15 18:41:14,433 - masks - DEBUG - Получен номер счета: 2451846294523
2025-02-15 18:41:14,433 - masks - ERROR - Номер счета указан не верно!
2025-02-15 18:41:14,433 - masks - DEBUG - Получен номер счета: 
2025-02-15 18:41:14,433 - masks - ERROR - Номер счета не указан!
2025-02-15 18:54:53,562 - masks - DEBUG - Получен номер карты: 7000792289606361
2025-02-15 18:54:53,563 - masks - INFO - Номер карты успешно замаскирован.
2025-02-15 18:54:53,564 - masks - DEBUG - Получен номер счета: 22022065789536454568
2025-02-15 18:54:53,564 - masks - INFO - Номер счета успешно замаскирован.
2025-02-15 18:54:53,566 - masks - DEBUG - Получен номер карты: 2202202567899581
2025-02-15 18:54:53,566 - masks - INFO - Номер карты успешно замаскирован.
2025-02-15 18:54:53,567 - masks - DEBUG - Получен номер карты: 2202206578953645
2025-02-15 18:54:53,567 - masks - INFO - Номер карты успешно замаскирован.
2025-02-15 18:54:53,569 - masks - DEBUG - Получен номер карты: 21035468523145695654
2025-02-15 18:54:53,569 - masks - ERROR - Номер карты указан не верно!
2025-02-15 18:54:53,570 - masks - DEBUG - Получен номер карты: 24518462
2025-02-15 18:54:53,570 - masks - ERROR - Номер карты указан не верно!
2025-02-15 18:54:53,572 - masks - DEBUG - Получен номер карты: 
2025-02-15 18:54:53,572 - masks - ERROR - Номер карты не указан!
2025-02-15 18:54:53,573 - masks - DEBUG - Получен номер счета: 22022025678995814856
2025-02-15 18:54:53,573 - masks - INFO - Номер счета успешно замаскирован.
2025-02-15 18:54:53,574 - masks - DEBUG - Получен номер счета: 22022065789536454568
2025-02-15 18:54:53,574 - masks - INFO - Номер счета успешно замаскирован.
2025-02-15 18:54:53,576 - masks - DEBUG - Получен номер счета: 21035468523142555691354
2025-02-15 18:54:53,576 - masks - ERROR - Номер счета указан не верно!
2025-02-15 18:54:53,577 - masks - DEBUG - Получен номер счета: 2451846294523
2025-02-15 18:54:53,577 - masks - ERROR - Номер счета указан не верно!
2025-02-15 18:54:53,578 - masks - DEBUG - Получен номер счета: 
2025-02-15 18:54:53,578 - masks - ERROR - Номер счета не указан!
2025-02-19 20:00:48,296 - masks - DEBUG - Получен номер карты: 7000792289606361
2025-02-19 20:00:48,299 - masks - INFO - Номер карты успешно замаскирован.
2025-02-19 20:00:48,301 - masks - DEBUG - Получен номер счета: 22022065789536454568
2025-02-19 20:00:48,301 - masks - INFO - Номер счета успешно замаскирован.
2025-02-19 20:00:48,302 - masks - DEBUG - Получен номер карты: 2202202567899581
2025-02-19 20:00:48,303 - masks - INFO - Номер карты успешно замаскирован.
2025-02-19 20:00:48,304 - masks - DEBUG - Получен номер карты: 2202206578953645
2025-02-19 20:00:48,304 - masks - INFO - Номер карты успешно замаскирован.
2025-02-19 20:00:48,306 - masks - DEBUG - Получен номер карты: 21035468523145695654
2025-02-19 20:00:48,306 - masks - ERROR - Номер карты указан не верно!
2025-02-19 20:00:48,307 - masks - DEBUG - Получен номер карты: 24518462
2025-02-19 20:00:48,307 - masks - ERROR - Номер карты указан не верно!
2025-02-19 20:00:48,309 - masks - DEBUG - Получен номер карты: 
2025-02-19 20:00:48,309 - masks - ERROR - Номер карты не указан!
2025-02-19 20:00:48,310 - masks - DEBUG - Получен номер счета: 22022025678995814856
2025-02-19 20:00:48,310 - masks - INFO - Номер счета успешно замаскирован.
2025-02-19 20:00:48,312 - masks - DEBUG - Получен номер счета: 22022065789536454568
2025-02-19 20:00:48,312 - masks - INFO - Номер счета успешно замаскирован.
2025-02-19 20:00:48,313 - masks - DEBUG - Получен номер счета: 21035468523142555691354
2025-02-19 20:00:48,313 - masks - ERROR - Номер счета указан не верно!
2025-02-19 20:00:48,315 - masks - DEBUG - Получен номер счета: 2451846294523
2025-02-19 20:00:48,315 - masks - ERROR - Номер счета указан не верно!
2025-02-19 20:00:48,316 - masks - DEBUG - Получен номер счета: 
2025-02-19 20:00:48,317 - masks - ERROR - Номер счета не указан!
2025-02-19 20:03:15,164 - masks - DEBUG - Получен номер карты: 7000792289606361
2025-02-19 20:03:15,164 - masks - INFO - Номер карты успешно замаскирован.
2025-02-19 20:03:15,165 - masks - DEBUG - Получен номер счета: 22022065789536454568
2025-02-19 20:03:15,165 - masks - INFO - Номер счета успешно замаскирован.
2025-02-19 20:03:15,166 - masks - DEBUG - Получен номер карты: 2202202567899581
2025-02-19 20:03:15,166 - masks - INFO - Номер карты успешно замаскирован.
2025-02-19 20:03:15,168 - masks - DEBUG - Получен номер карты: 2202206578953645
2025-02-19 20:03:15,168 - masks - INFO - Номер карты успешно замаскирован.
2025-02-19 20:03:15,169 - masks - DEBUG - Получен номер карты: 21035468523145695654
2025-02-19 20:03:15,169 - masks - ERROR - Номер карты указан не верно!
2025-02-19 20:03:15,171 - masks - DEBUG - Получен номер карты: 24518462
2025-02-19 20:03:15,171 - masks - ERROR - Номер карты указан не верно!
2025-02-19 20:03:15,172 - masks - DEBUG - Получен номер карты: 
2025-02-19 20:03:15,172 - masks - ERROR - Номер карты не указан!
2025-02-19 20:03:15,173 - masks - DEBUG - Получен номер счета: 22022025678995814856
2025-02-19 20:03:15,173 - masks - INFO - Номер счета успешно замаскирован.
2025-02-19 20:03:15,176 - masks - DEBUG - Получен номер счета: 22022065789536454568
2025-02-19 20:03:15,176 - masks - INFO - Номер счета успешно замаскирован.
2025-02-19 20:03:15,176 - masks - DEBUG - Получен номер счета: 21035468523142555691354
2025-02-19 20:03:15,177 - masks - ERROR - Номер счета указан не верно!
2025-02-19 20:03:15,178 - masks - DEBUG - Получен номер счета: 2451846294523
2025-02-19 20:03:15,179 - masks - ERROR - Номер счета указан не верно!
2025-02-19 20:03:15,181 - masks - DEBUG - Получен номер счета: 
2025-02-19 20:03:15,181 - masks - ERROR - Номер счета не указан!
2025-02-19 20:05:15,066 - masks - DEBUG - Получен номер карты: 7000792289606361
2025-02-19 20:05:15,066 - masks - INFO - Номер карты успешно замаскирован.
2025-02-19 20:05:15,067 - masks - DEBUG - Получен номер счета: 22022065789536454568
2025-02-19 20:05:15,067 - masks - INFO - Номер счета успешно замаскирован.
2025-02-19 20:05:15,067 - masks - DEBUG - Получен номер карты: 2202202567899581
2025-02-19 20:05:15,067 - masks - INFO - Номер карты успешно замаскирован.
2025-02-19 20:05:15,068 - masks - DEBUG - Получен номер карты: 2202206578953645
2025-02-19 20:05:15,068 - masks - INFO - Номер карты успешно замаскирован.
2025-02-19 20:05:15,069 - masks - DEBUG - Получен номер карты: 21035468523145695654
2025-02-19 20:05:15,069 - masks - ERROR - Номер карты указан не верно!
2025-02-19 20:05:15,069 - masks - DEBUG - Получен номер карты: 24518462
2025-02-19 20:05:15,069 - masks - ERROR - Номер карты указан не верно!
2025-02-19 20:05:15,070 - masks - DEBUG - Получен номер карты: 
2025-02-19 20:05:15,070 - masks - ERROR - Номер карты не указан!
2025-02-19 20:05:15,070 - masks - DEBUG - Получен номер счета: 22022025678995814856
2025-02-19 20:05:15,070 - masks - INFO - Номер счета успешно замаскирован.
2025-02-19 20:05:15,071 - masks - DEBUG - Получен номер счета: 22022065789536454568
2025-02-19 20:05:15,071 - masks - INFO - Номер счета успешно замаскирован.
2025-02-19 20:05:15,071 - masks - DEBUG - Получен номер счета: 21035468523142555691354
2025-02-19 20:05:15,072 - masks - ERROR - Номер счета указан не верно!
2025-02-19 20:05:15,072 - masks - DEBUG - Получен номер счета: 2451846294523
2025-02-19 20:05:15,072 - masks - ERROR - Номер счета указан не верно!
2025-02-19 20:05:15,073 - masks - DEBUG - Получен номер счета: 
2025-02-19 20:05:15,073 - masks - ERROR - Номер счета не указан!
2025-02-19 20:32:12,155 - masks - DEBUG - Получен номер карты: 7000792289606361
2025-02-19 20:32:12,155 - masks - INFO - Номер карты успешно замаскирован.
2025-02-19 20:32:12,155 - masks - DEBUG - Получен номер счета: 22022065789536454568
2025-02-19 20:32:12,155 - masks - INFO - Номер счета успешно замаскирован.
2025-02-19 20:32:12,156 - masks - DEBUG - Получен номер карты: 2202202567899581
2025-02-19 20:32:12,156 - masks - INFO - Номер карты успешно замаскирован.
2025-02-19 20:32:12,157 - masks - DEBUG - Получен номер карты: 2202206578953645
2025-02-19 20:32:12,157 - masks - INFO - Номер карты успешно замаскирован.
2025-02-19 20:32:12,157 - masks - DEBUG - Получен номер карты: 21035468523145695654
2025-02-19 20:32:12,157 - masks - ERROR - Номер карты указан не верно!
2025-02-19 20:32:12,158 - masks - DEBUG - Получен номер карты: 24518462
2025-02-19 20:32:12,158 - masks - ERROR - Номер карты указан не верно!
2025-02-19 20:32:12,158 - masks - DEBUG - Получен номер карты: 
2025-02-19 20:32:12,159 - masks - ERROR - Номер карты не указан!
2025-02-19 20:32:12,159 - masks - DEBUG - Получен номер счета: 22022025678995814856
2025-02-19 20:32:12,159 - masks - INFO - Номер счета успешно замаскирован.
2025-02-19 20:32:12,160 - masks - DEBUG - Получен номер счета: 22022065789536454568
2025-02-19 20:32:12,160 - masks - INFO - Номер счета успешно замаскирован.
2025-02-19 20:32:12,160 - masks - DEBUG - Получен номер счета: 21035468523142555691354
2025-02-19 20:32:12,161 - masks - ERROR - Номер счета указан не верно!
2025-02-19 20:32:12,161 - masks - DEBUG - Получен номер счета: 2451846294523
2025-02-19 20:32:12,161 - masks - ERROR - Номер счета указан не верно!
2025-02-19 20:32:12,162 - masks - DEBUG - Получен номер счета: 
2025-02-19 20:32:12,162 - masks - ERROR - Номер счета не указан!
2025-02-19 20:36:13,261 - masks - DEBUG - Получен номер карты: 7000792289606361
2025-02-19 20:36:13,261 - masks - INFO - Номер карты успешно замаскирован.
2025-02-19 20:36:13,262 - masks - DEBUG - Получен номер счета: 22022065789536454568
2025-02-19 20:36:13,262 - masks - INFO - Номер счета успешно замаскирован.
2025-02-19 20:36:13,263 - masks - DEBUG - Получен номер карты: 2202202567899581
2025-02-19 20:36:13,263 - masks - INFO - Номер карты успешно замаскирован.
2025-02-19 20:36:13,264 - masks - DEBUG - Получен номер карты: 2202206578953645
2025-02-19 20:36:13,264 - masks - INFO - Номер карты успешно замаскирован.
2025-02-19 20:36:13,266 - masks - DEBUG - Получен номер карты: 21035468523145695654
2025-02-19 20:36:13,266 - masks - ERROR - Номер карты указан не верно!
2025-02-19 20:36:13,267 - masks - DEBUG - Получен номер карты: 24518462
2025-02-19 20:36:13,267 - masks - ERROR - Номер карты указан не верно!
2025-02-19 20:36:13,268 - masks - DEBUG - Получен номер карты: 
2025-02-19 20:36:13,268 - masks - ERROR - Номер карты не указан!
2025-02-19 20:36:13,269 - masks - DEBUG - Получен номер счета: 22022025678995814856
2025-02-19 20:36:13,269 - masks - INFO - Номер счета успешно замаскирован.
2025-02-19 20:36:13,270 - masks - DEBUG - Получен номер счета: 22022065789536454568
2025-02-19 20:36:13,271 - masks - INFO - Номер счета успешно замаскирован.
2025-02-19 20:36:13,272 - masks - DEBUG - Получен номер счета: 21035468523142555691354
2025-02-19 20:36:13,272 - masks - ERROR - Номер счета указан не верно!
2025-02-19 20:36:13,273 - masks - DEBUG - Получен номер счета: 2451846294523
2025-02-19 20:36:13,273 - masks - ERROR - Номер счета указан не верно!
2025-02-19 20:36:13,275 - masks - DEBUG - Получен номер счета: 
2025-02-19 20:36:13,275 - masks - ERROR - Номер счета не указан!
2025-02-19 20:36:51,963 - masks - DEBUG - Получен номер карты: 7000792289606361
2025-02-19 20:36:51,963 - masks - INFO - Номер карты успешно замаскирован.
2025-02-19 20:36:51,964 - masks - DEBUG - Получен номер счета: 22022065789536454568
2025-02-19 20:36:51,964 - masks - INFO - Номер счета успешно замаскирован.
2025-02-19 20:36:51,965 - masks - DEBUG - Получен номер карты: 2202202567899581
2025-02-19 20:36:51,965 - masks - INFO - Номер карты успешно замаскирован.
2025-02-19 20:36:51,967 - masks - DEBUG - Получен номер карты: 2202206578953645
2025-02-19 20:36:51,967 - masks - INFO - Номер карты успешно замаскирован.
2025-02-19 20:36:51,968 - masks - DEBUG - Получен номер карты: 21035468523145695654
2025-02-19 20:36:51,968 - masks - ERROR - Номер карты указан не верно!
2025-02-19 20:36:51,969 - masks - DEBUG - Получен номер карты: 24518462
2025-02-19 20:36:51,969 - masks - ERROR - Номер карты указан не верно!
2025-02-19 20:36:51,970 - masks - DEBUG - Получен номер карты: 
2025-02-19 20:36:51,971 - masks - ERROR - Номер карты не указан!
2025-02-19 20:36:51,972 - masks - DEBUG - Получен номер счета: 22022025678995814856
2025-02-19 20:36:51,972 - masks - INFO - Номер счета успешно замаскирован.
2025-02-19 20:36:51,973 - masks - DEBUG - Получен номер счета: 22022065789536454568
2025-02-19 20:36:51,973 - masks - INFO - Номер счета успешно замаскирован.
2025-02-19 20:36:51,975 - masks - DEBUG - Получен номер счета: 21035468523142555691354
2025-02-19 20:36:51,975 - masks - ERROR - Номер счета указан не верно!
2025-02-19 20:36:51,976 - masks - DEBUG - Получен номер счета: 2451846294523
2025-02-19 20:36:51,976 - masks - ERROR - Номер счета указан не верно!
2025-02-19 20:36:51,977 - masks - DEBUG - Получен номер счета: 
2025-02-19 20:36:51,978 - masks - ERROR - Номер счета не указан!
2025-02-20 17:59:03,253 - masks - DEBUG - Получен номер карты: 7000792289606361
2025-02-20 17:59:03,253 - masks - INFO - Номер карты успешно замаскирован.
2025-02-20 17:59:03,254 - masks - DEBUG - Получен номер счета: 22022065789536454568
2025-02-20 17:59:03,254 - masks - INFO - Номер счета успешно замаскирован.
2025-02-20 17:59:03,255 - masks - DEBUG - Получен номер карты: 2202202567899581
2025-02-20 17:59:03,255 - masks - INFO - Номер карты успешно замаскирован.
2025-02-20 17:59:03,256 - masks - DEBUG - Получен номер карты: 2202206578953645
2025-02-20 17:59:03,256 - masks - INFO - Номер карты успешно замаскирован.
2025-02-20 17:59:03,256 - masks - DEBUG - Получен номер карты: 21035468523145695654
2025-02-20 17:59:03,256 - masks - ERROR - Номер карты указан не верно!
2025-02-20 17:59:03,257 - masks - DEBUG - Получен номер карты: 24518462
2025-02-20 17:59:03,257 - masks - ERROR - Номер карты указан не верно!
2025-02-20 17:59:03,258 - masks - DEBUG - Получен номер карты: 
2025-02-20 17:59:03,258 - masks - ERROR - Номер карты не указан!
2025-02-20 17:59:03,258 - masks - DEBUG - Получен номер счета: 22022025678995814856
2025-02-20 17:59:03,258 - masks - INFO - Номер счета успешно замаскирован.
2025-02-20 17:59:03,259 - masks - DEBUG - Получен номер счета: 22022065789536454568
2025-02-20 17:59:03,259 - masks - INFO - Номер счета успешно замаскирован.
2025-02-20 17:59:03,260 - masks - DEBUG - Получен номер счета: 21035468523142555691354
2025-02-20 17:59:03,260 - masks - ERROR - Номер счета указан не верно!
2025-02-20 17:59:03,260 - masks - DEBUG - Получен номер счета: 2451846294523
2025-02-20 17:59:03,260 - masks - ERROR - Номер счета указан не верно!
2025-02-20 17:59:03,261 - masks - DEBUG - Получен номер счета: 
2025-02-20 17:59:03,261 - masks - ERROR - Номер счета не указан!
2025-02-20 18:18:17,097 - masks - DEBUG - Получен номер карты: 7000792289606361
2025-02-20 18:18:17,097 - masks - INFO - Номер карты успешно замаскирован.
2025-02-20 18:18:17,098 - masks - DEBUG - Получен номер счета: 22022065789536454568
2025-02-20 18:18:17,098 - masks - INFO - Номер счета успешно замаскирован.
2025-02-20 18:18:17,099 - masks - DEBUG - Получен номер карты: 2202202567899581
2025-02-20 18:18:17,099 - masks - INFO - Номер карты успешно замаскирован.
2025-02-20 18:18:17,099 - masks - DEBUG - Получен номер карты: 2202206578953645
2025-02-20 18:18:17,099 - masks - INFO - Номер карты успешно замаскирован.
2025-02-20 18:18:17,100 - masks - DEBUG - Получен номер карты: 21035468523145695654
2025-02-20 18:18:17,100 - masks - ERROR - Номер карты указан не верно!
2025-02-20 18:18:17,101 - masks - DEBUG - Получен номер карты: 24518462
2025-02-20 18:18:17,101 - masks - ERROR - Номер карты указан не верно!
2025-02-20 18:18:17,101 - masks - DEBUG - Получен номер карты: 
2025-02-20 18:18:17,101 - masks - ERROR - Номер карты не указан!
2025-02-20 18:18:17,102 - masks - DEBUG - Получен номер счета: 22022025678995814856
2025-02-20 18:18:17,102 - masks - INFO - Номер счета успешно замаскирован.
2025-02-20 18:18:17,102 - masks - DEBUG - Получен номер счета: 22022065789536454568
2025-02-20 18:18:17,102 - masks - INFO - Номер счета успешно замаскирован.
2025-02-20 18:18:17,103 - masks - DEBUG - Получен номер счета: 21035468523142555691354
2025-02-20 18:18:17,103 - masks - ERROR - Номер счета указан не верно!
2025-02-20 18:18:17,104 - masks - DEBUG - Получен номер счета: 2451846294523
2025-02-20 18:18:17,104 - masks - ERROR - Номер счета указан не верно!
2025-02-20 18:18:17,104 - masks - DEBUG - Получен номер счета: 
2025-02-20 18:18:17,104 - masks - ERROR - Номер счета не указан!
