2025-02-13 18:18:04,430 - utils - DEBUG - Попытка загрузки транзакций из файла: dummy_path.json
2025-02-13 18:18:04,430 - utils - ERROR - Файл не найден: dummy_path.json
2025-02-13 18:18:04,432 - utils - DEBUG - Попытка загрузки транзакций из файла: dummy_path.json
2025-02-13 18:18:04,432 - utils - ERROR - Файл не найден: dummy_path.json
2025-02-13 18:18:04,434 - utils - DEBUG - Попытка загрузки транзакций из файла: dummy_path.json
2025-02-13 18:18:04,434 - utils - ERROR - Файл не найден: dummy_path.json
2025-02-13 18:18:04,436 - utils - DEBUG - Попытка загрузки транзакций из файла: dummy_path.json
2025-02-13 18:18:04,436 - utils - ERROR - Файл не найден: dummy_path.json
2025-02-13 18:21:42,942 - utils - DEBUG - Попытка загрузки транзакций из файла: dummy_path.json
2025-02-13 18:21:42,942 - utils - ERROR - Файл не найден: dummy_path.json
2025-02-13 18:21:42,944 - utils - DEBUG - Попытка загрузки транзакций из файла: dummy_path.json
2025-02-13 18:21:42,944 - utils - ERROR - Файл не найден: dummy_path.json
2025-02-13 18:21:42,946 - utils - DEBUG - Попытка загрузки транзакций из файла: dummy_path.json
2025-02-13 18:21:42,947 - utils - ERROR - Файл не найден: dummy_path.json
2025-02-13 18:21:42,949 - utils - DEBUG - Попытка загрузки транзакций из файла: dummy_path.json
2025-02-13 18:21:42,950 - utils - ERROR - Файл не найден: dummy_path.json
2025-02-13 18:24:52,367 - utils - DEBUG - Попытка загрузки транзакций из файла: dummy_path.json
2025-02-13 18:24:52,367 - utils - ERROR - Файл не найден: dummy_path.json
2025-02-13 18:24:52,370 - utils - DEBUG - Попытка загрузки транзакций из файла: dummy_path.json
2025-02-13 18:24:52,370 - utils - ERROR - Файл не найден: dummy_path.json
2025-02-13 18:24:52,372 - utils - DEBUG - Попытка загрузки транзакций из файла: dummy_path.json
2025-02-13 18:24:52,372 - utils - ERROR - Файл не найден: dummy_path.json
2025-02-13 18:24:52,375 - utils - DEBUG - Попытка загрузки транзакций из файла: dummy_path.json
2025-02-13 18:24:52,375 - utils - ERROR - Файл не найден: dummy_path.json
2025-02-13 18:29:26,978 - utils - DEBUG - Попытка загрузки транзакций из файла: dummy_path.json
2025-02-13 18:29:26,978 - utils - ERROR - Файл не найден: dummy_path.json
2025-02-13 18:29:26,980 - utils - DEBUG - Попытка загрузки транзакций из файла: dummy_path.json
2025-02-13 18:29:26,980 - utils - ERROR - Ошибка декодирования JSON.
2025-02-13 18:29:26,982 - utils - DEBUG - Попытка загрузки транзакций из файла: dummy_path.json
2025-02-13 18:29:26,983 - utils - DEBUG - Транзакции успешно загружены.
2025-02-13 18:29:26,983 - utils - ERROR - Загруженные данные не являются списком.
2025-02-13 18:29:26,984 - utils - DEBUG - Попытка загрузки транзакций из файла: dummy_path.json
2025-02-13 18:29:26,985 - utils - DEBUG - Транзакции успешно загружены.
